GROUP,PACKAGE,CLASS,INSTRUCTION_MISSED,INSTRUCTION_COVERED,BRANCH_MISSED,BRANCH_COVERED,LINE_MISSED,LINE_COVERED,COMPLEXITY_MISSED,COMPLEXITY_COVERED,METHOD_MISSED,METHOD_COVERED
UDDIv2 and v3 WS Stubs and Schema Bindings Generated from WSDL,org.apache.juddi.api_v3,GetPublisherDetail,18,3,2,0,6,1,4,1,3,1
UDDIv2 and v3 WS Stubs and Schema Bindings Generated from WSDL,org.apache.juddi.api_v3,AdminDeleteSubscriptionResponse,3,0,0,0,1,0,1,0,1,0
UDDIv2 and v3 WS Stubs and Schema Bindings Generated from WSDL,org.apache.juddi.api_v3,SyncSubscription,21,0,2,0,7,0,5,0,4,0
UDDIv2 and v3 WS Stubs and Schema Bindings Generated from WSDL,org.apache.juddi.api_v3,GetEntityHistoryMessageRequest,31,0,0,0,13,0,9,0,9,0
UDDIv2 and v3 WS Stubs and Schema Bindings Generated from WSDL,org.apache.juddi.api_v3,SyncSubscriptionDetail,14,0,2,0,4,0,3,0,2,0
UDDIv2 and v3 WS Stubs and Schema Bindings Generated from WSDL,org.apache.juddi.api_v3,GetAllClientSubscriptionInfo,10,0,0,0,4,0,3,0,3,0
UDDIv2 and v3 WS Stubs and Schema Bindings Generated from WSDL,org.apache.juddi.api_v3,GetAllClerksResponse,10,0,0,0,4,0,3,0,3,0
UDDIv2 and v3 WS Stubs and Schema Bindings Generated from WSDL,org.apache.juddi.api_v3,SubscriptionWrapper,21,0,2,0,7,0,5,0,4,0
UDDIv2 and v3 WS Stubs and Schema Bindings Generated from WSDL,org.apache.juddi.api_v3,AdminSaveBusiness,21,0,2,0,7,0,5,0,4,0
UDDIv2 and v3 WS Stubs and Schema Bindings Generated from WSDL,org.apache.juddi.api_v3,GetReplicationNodesResponse,10,0,0,0,4,0,3,0,3,0
UDDIv2 and v3 WS Stubs and Schema Bindings Generated from WSDL,org.apache.juddi.api_v3,ClientSubscriptionInfo,38,0,0,0,16,0,11,0,11,0
UDDIv2 and v3 WS Stubs and Schema Bindings Generated from WSDL,org.apache.juddi.api_v3,Node,108,0,0,0,46,0,31,0,31,0
UDDIv2 and v3 WS Stubs and Schema Bindings Generated from WSDL,org.apache.juddi.api_v3,GetReplicationNodes,10,0,0,0,4,0,3,0,3,0
UDDIv2 and v3 WS Stubs and Schema Bindings Generated from WSDL,org.apache.juddi.api_v3,SaveClerk,21,0,2,0,7,0,5,0,4,0
UDDIv2 and v3 WS Stubs and Schema Bindings Generated from WSDL,org.apache.juddi.api_v3,Publisher,77,0,2,0,31,0,21,0,20,0
UDDIv2 and v3 WS Stubs and Schema Bindings Generated from WSDL,org.apache.juddi.api_v3,GetAllNodesResponse,10,0,0,0,4,0,3,0,3,0
UDDIv2 and v3 WS Stubs and Schema Bindings Generated from WSDL,org.apache.juddi.api_v3,AdminSaveTModelWrapper,21,0,2,0,7,0,5,0,4,0
UDDIv2 and v3 WS Stubs and Schema Bindings Generated from WSDL,org.apache.juddi.api_v3,SyncSubscriptionDetailResponse,10,0,0,0,4,0,3,0,3,0
UDDIv2 and v3 WS Stubs and Schema Bindings Generated from WSDL,org.apache.juddi.api_v3,GetAllClerks,10,0,0,0,4,0,3,0,3,0
UDDIv2 and v3 WS Stubs and Schema Bindings Generated from WSDL,org.apache.juddi.api_v3,NodeDetail,14,0,2,0,4,0,3,0,2,0
UDDIv2 and v3 WS Stubs and Schema Bindings Generated from WSDL,org.apache.juddi.api_v3,ClientSubscriptionInfoDetail,14,0,2,0,4,0,3,0,2,0
UDDIv2 and v3 WS Stubs and Schema Bindings Generated from WSDL,org.apache.juddi.api_v3,GetEntityHistoryMessageResponse,10,0,0,0,4,0,3,0,3,0
UDDIv2 and v3 WS Stubs and Schema Bindings Generated from WSDL,org.apache.juddi.api_v3,GetAllClientSubscriptionInfoDetail,10,0,0,0,4,0,3,0,3,0
UDDIv2 and v3 WS Stubs and Schema Bindings Generated from WSDL,org.apache.juddi.api_v3,DeletePublisher,21,0,2,0,7,0,5,0,4,0
UDDIv2 and v3 WS Stubs and Schema Bindings Generated from WSDL,org.apache.juddi.api_v3,ClerkList,14,0,2,0,4,0,3,0,2,0
UDDIv2 and v3 WS Stubs and Schema Bindings Generated from WSDL,org.apache.juddi.api_v3,SaveNode,21,0,2,0,7,0,5,0,4,0
UDDIv2 and v3 WS Stubs and Schema Bindings Generated from WSDL,org.apache.juddi.api_v3,GetAllNodes,10,0,0,0,4,0,3,0,3,0
UDDIv2 and v3 WS Stubs and Schema Bindings Generated from WSDL,org.apache.juddi.api_v3,PublisherDetail,21,0,2,0,7,0,5,0,4,0
UDDIv2 and v3 WS Stubs and Schema Bindings Generated from WSDL,org.apache.juddi.api_v3,GetFailedReplicationChangeRecordsMessageRequest,24,0,0,0,10,0,7,0,7,0
UDDIv2 and v3 WS Stubs and Schema Bindings Generated from WSDL,org.apache.juddi.api_v3,DeleteClerk,26,0,0,0,11,0,6,0,6,0
UDDIv2 and v3 WS Stubs and Schema Bindings Generated from WSDL,org.apache.juddi.api_v3,AdminSaveSubscriptionRequest,28,0,2,0,10,0,7,0,6,0
UDDIv2 and v3 WS Stubs and Schema Bindings Generated from WSDL,org.apache.juddi.api_v3,DeleteClientSubscriptionInfo,21,0,2,0,7,0,5,0,4,0
UDDIv2 and v3 WS Stubs and Schema Bindings Generated from WSDL,org.apache.juddi.api_v3,SavePublisher,21,0,2,0,7,0,5,0,4,0
UDDIv2 and v3 WS Stubs and Schema Bindings Generated from WSDL,org.apache.juddi.api_v3,SetReplicationNodesResponse,10,0,0,0,4,0,3,0,3,0
UDDIv2 and v3 WS Stubs and Schema Bindings Generated from WSDL,org.apache.juddi.api_v3,GetFailedReplicationChangeRecordsMessageResponse,10,0,0,0,4,0,3,0,3,0
UDDIv2 and v3 WS Stubs and Schema Bindings Generated from WSDL,org.apache.juddi.api_v3,NodeList,14,0,2,0,4,0,3,0,2,0
UDDIv2 and v3 WS Stubs and Schema Bindings Generated from WSDL,org.apache.juddi.api_v3,Clerk,31,0,0,0,13,0,9,0,9,0
UDDIv2 and v3 WS Stubs and Schema Bindings Generated from WSDL,org.apache.juddi.api_v3,GetAllPublisherDetail,10,0,0,0,4,0,3,0,3,0
UDDIv2 and v3 WS Stubs and Schema Bindings Generated from WSDL,org.apache.juddi.api_v3,SetReplicationNodes,17,0,0,0,7,0,5,0,5,0
UDDIv2 and v3 WS Stubs and Schema Bindings Generated from WSDL,org.apache.juddi.api_v3,AdminSaveTModelResponse,10,0,0,0,4,0,3,0,3,0
UDDIv2 and v3 WS Stubs and Schema Bindings Generated from WSDL,org.apache.juddi.api_v3,SyncSubscriptionRequest,10,0,0,0,4,0,3,0,3,0
UDDIv2 and v3 WS Stubs and Schema Bindings Generated from WSDL,org.apache.juddi.api_v3,AdminDeleteSubscriptionRequest,21,0,2,0,7,0,5,0,4,0
UDDIv2 and v3 WS Stubs and Schema Bindings Generated from WSDL,org.apache.juddi.api_v3,ObjectFactory,746,0,0,0,129,0,90,0,90,0
UDDIv2 and v3 WS Stubs and Schema Bindings Generated from WSDL,org.apache.juddi.api_v3,DeleteNode,26,0,0,0,11,0,6,0,6,0
UDDIv2 and v3 WS Stubs and Schema Bindings Generated from WSDL,org.apache.juddi.api_v3,AccessPointType,68,0,0,0,9,0,5,0,5,0
UDDIv2 and v3 WS Stubs and Schema Bindings Generated from WSDL,org.apache.juddi.api_v3,AdminSaveBusinessResponse,10,0,0,0,4,0,3,0,3,0
UDDIv2 and v3 WS Stubs and Schema Bindings Generated from WSDL,org.apache.juddi.api_v3,ClerkDetail,14,0,2,0,4,0,3,0,2,0
UDDIv2 and v3 WS Stubs and Schema Bindings Generated from WSDL,org.apache.juddi.api_v3,AdminSaveBusinessWrapper,21,0,2,0,7,0,5,0,4,0
UDDIv2 and v3 WS Stubs and Schema Bindings Generated from WSDL,org.apache.juddi.api_v3,AdminSaveSubscriptionResponse,14,0,2,0,4,0,3,0,2,0
UDDIv2 and v3 WS Stubs and Schema Bindings Generated from WSDL,org.apache.juddi.api_v3,SaveClientSubscriptionInfo,21,0,2,0,7,0,5,0,4,0
UDDIv2 and v3 WS Stubs and Schema Bindings Generated from WSDL,org.apache.juddi.api_v3,AdminSaveTModel,21,0,2,0,7,0,5,0,4,0
UDDIv2 and v3 WS Stubs and Schema Bindings Generated from WSDL,org.apache.juddi.api_v3,ValidValues,17,0,0,0,7,0,5,0,5,0
UDDIv2 and v3 WS Stubs and Schema Bindings Generated from WSDL,org.apache.juddi.api_v3,GetAllClientSubscriptionInfoResponse,14,0,2,0,4,0,3,0,2,0
UDDIv2 and v3 WS Stubs and Schema Bindings Generated from WSDL,org.apache.juddi.api_v3,GetClientSubscriptionInfoDetail,21,0,2,0,7,0,5,0,4,0
UDDIv2 and v3 WS Stubs and Schema Bindings Generated from WSDL,org.uddi.sub_v3,DeleteSubscription,21,0,2,0,7,0,5,0,4,0
UDDIv2 and v3 WS Stubs and Schema Bindings Generated from WSDL,org.uddi.sub_v3,CoveragePeriod,17,0,0,0,7,0,5,0,5,0
UDDIv2 and v3 WS Stubs and Schema Bindings Generated from WSDL,org.uddi.sub_v3,SubscriptionFilter,73,0,0,0,31,0,21,0,21,0
UDDIv2 and v3 WS Stubs and Schema Bindings Generated from WSDL,org.uddi.sub_v3,Subscriptions,14,0,2,0,4,0,3,0,2,0
UDDIv2 and v3 WS Stubs and Schema Bindings Generated from WSDL,org.uddi.sub_v3,GetSubscriptions,10,0,0,0,4,0,3,0,3,0
UDDIv2 and v3 WS Stubs and Schema Bindings Generated from WSDL,org.uddi.sub_v3,GetSubscriptionResults,31,0,0,0,13,0,9,0,9,0
UDDIv2 and v3 WS Stubs and Schema Bindings Generated from WSDL,org.uddi.sub_v3,SubscriptionResultsList,105,0,2,0,43,0,29,0,28,0
UDDIv2 and v3 WS Stubs and Schema Bindings Generated from WSDL,org.uddi.sub_v3,KeyBag,54,0,8,0,16,0,11,0,7,0
UDDIv2 and v3 WS Stubs and Schema Bindings Generated from WSDL,org.uddi.sub_v3,ObjectFactory,296,0,0,0,48,0,30,0,30,0
UDDIv2 and v3 WS Stubs and Schema Bindings Generated from WSDL,org.uddi.sub_v3,SaveSubscription,21,0,2,0,7,0,5,0,4,0
UDDIv2 and v3 WS Stubs and Schema Bindings Generated from WSDL,org.uddi.sub_v3,Subscription,52,0,0,0,22,0,15,0,15,0
UDDIv2 and v3 WS Stubs and Schema Bindings Generated from WSDL,org.uddi,JAXBContextUtil,36,0,2,0,7,0,4,0,3,0
UDDIv2 and v3 WS Stubs and Schema Bindings Generated from WSDL,org.uddi.repl_v3,ChangeRecords,14,0,2,0,4,0,3,0,2,0
UDDIv2 and v3 WS Stubs and Schema Bindings Generated from WSDL,org.uddi.repl_v3,HighWaterMarkVectorType,14,0,2,0,4,0,3,0,2,0
UDDIv2 and v3 WS Stubs and Schema Bindings Generated from WSDL,org.uddi.repl_v3,ChangeRecordPublisherAssertion,45,0,0,0,19,0,13,0,13,0
UDDIv2 and v3 WS Stubs and Schema Bindings Generated from WSDL,org.uddi.repl_v3,GetChangeRecords,31,0,0,0,13,0,9,0,9,0
UDDIv2 and v3 WS Stubs and Schema Bindings Generated from WSDL,org.uddi.repl_v3,NotifyChangeRecordsAvailable,26,0,0,0,11,0,6,0,6,0
UDDIv2 and v3 WS Stubs and Schema Bindings Generated from WSDL,org.uddi.repl_v3,Operator,20,26,2,2,6,10,5,6,4,5
UDDIv2 and v3 WS Stubs and Schema Bindings Generated from WSDL,org.uddi.repl_v3,ChangeRecordCorrection,10,0,0,0,4,0,3,0,3,0
UDDIv2 and v3 WS Stubs and Schema Bindings Generated from WSDL,org.uddi.repl_v3,OperatorStatusType,36,49,4,0,5,7,5,3,3,3
UDDIv2 and v3 WS Stubs and Schema Bindings Generated from WSDL,org.uddi.repl_v3,ChangeRecordDelete,38,0,0,0,16,0,11,0,11,0
UDDIv2 and v3 WS Stubs and Schema Bindings Generated from WSDL,org.uddi.repl_v3,ChangeRecordNewData,38,0,0,0,16,0,11,0,11,0
UDDIv2 and v3 WS Stubs and Schema Bindings Generated from WSDL,org.uddi.repl_v3,ToSignatures,14,0,2,0,4,0,3,0,2,0
UDDIv2 and v3 WS Stubs and Schema Bindings Generated from WSDL,org.uddi.repl_v3,ReplicationConfiguration.RegistryContact,0,10,0,0,0,4,0,3,0,3
UDDIv2 and v3 WS Stubs and Schema Bindings Generated from WSDL,org.uddi.repl_v3,ReplicationConfiguration,31,36,3,1,11,14,9,8,7,8
UDDIv2 and v3 WS Stubs and Schema Bindings Generated from WSDL,org.uddi.repl_v3,ChangeRecordIDType,26,0,0,0,12,0,6,0,6,0
UDDIv2 and v3 WS Stubs and Schema Bindings Generated from WSDL,org.uddi.repl_v3,ChangeRecord,87,0,0,0,37,0,25,0,25,0
UDDIv2 and v3 WS Stubs and Schema Bindings Generated from WSDL,org.uddi.repl_v3,ChangeRecordDeleteAssertion,31,0,0,0,13,0,9,0,9,0
UDDIv2 and v3 WS Stubs and Schema Bindings Generated from WSDL,org.uddi.repl_v3,CommunicationGraph,11,25,4,2,3,7,4,3,1,3
UDDIv2 and v3 WS Stubs and Schema Bindings Generated from WSDL,org.uddi.repl_v3,ChangeRecordAcknowledgement,10,0,0,0,4,0,3,0,3,0
UDDIv2 and v3 WS Stubs and Schema Bindings Generated from WSDL,org.uddi.repl_v3,CommunicationGraph.Edge,39,0,4,0,13,0,9,0,7,0
UDDIv2 and v3 WS Stubs and Schema Bindings Generated from WSDL,org.uddi.repl_v3,ChangeRecordHide,17,0,0,0,7,0,5,0,5,0
UDDIv2 and v3 WS Stubs and Schema Bindings Generated from WSDL,org.uddi.repl_v3,ChangeRecordNewDataConditional,10,0,0,0,4,0,3,0,3,0
UDDIv2 and v3 WS Stubs and Schema Bindings Generated from WSDL,org.uddi.repl_v3,ObjectFactory,160,0,0,0,35,0,31,0,31,0
UDDIv2 and v3 WS Stubs and Schema Bindings Generated from WSDL,org.uddi.repl_v3,GetHighWaterMarks,3,0,0,0,1,0,1,0,1,0
UDDIv2 and v3 WS Stubs and Schema Bindings Generated from WSDL,org.uddi.repl_v3,DoPing,3,0,0,0,1,0,1,0,1,0
UDDIv2 and v3 WS Stubs and Schema Bindings Generated from WSDL,org.uddi.repl_v3,FromSignatures,14,0,2,0,4,0,3,0,2,0
UDDIv2 and v3 WS Stubs and Schema Bindings Generated from WSDL,org.uddi.repl_v3,TransferCustody,24,0,0,0,10,0,7,0,7,0
UDDIv2 and v3 WS Stubs and Schema Bindings Generated from WSDL,org.uddi.repl_v3,ChangeRecordConditionFailed,10,0,0,0,4,0,3,0,3,0
UDDIv2 and v3 WS Stubs and Schema Bindings Generated from WSDL,org.uddi.policy_v3_instanceparms,UDDIinstanceParmsContainerType,14,0,2,0,4,0,3,0,2,0
UDDIv2 and v3 WS Stubs and Schema Bindings Generated from WSDL,org.uddi.policy_v3_instanceparms,FilterUsingFindAPIType,74,0,4,0,11,0,8,0,6,0
UDDIv2 and v3 WS Stubs and Schema Bindings Generated from WSDL,org.uddi.policy_v3_instanceparms,AuthInfoUseType,85,0,4,0,12,0,8,0,6,0
UDDIv2 and v3 WS Stubs and Schema Bindings Generated from WSDL,org.uddi.policy_v3_instanceparms,ObjectFactory,78,0,0,0,13,0,8,0,8,0
UDDIv2 and v3 WS Stubs and Schema Bindings Generated from WSDL,org.uddi.vscache_v3,GetAllValidValues,24,0,0,0,10,0,7,0,7,0
UDDIv2 and v3 WS Stubs and Schema Bindings Generated from WSDL,org.uddi.vscache_v3,ObjectFactory,86,0,0,0,15,0,10,0,10,0
UDDIv2 and v3 WS Stubs and Schema Bindings Generated from WSDL,org.uddi.vscache_v3,ValidValue,16,0,0,0,8,0,4,0,4,0
UDDIv2 and v3 WS Stubs and Schema Bindings Generated from WSDL,org.uddi.vscache_v3,ValidValuesList,21,0,2,0,7,0,5,0,4,0
UDDIv2 and v3 WS Stubs and Schema Bindings Generated from WSDL,org.apache.juddi.api_v3.rest,UriContainer,18,0,2,0,5,0,4,0,3,0
UDDIv2 and v3 WS Stubs and Schema Bindings Generated from WSDL,org.apache.juddi.jaxb,JAXBMarshaller,121,63,6,4,34,19,10,4,5,4
UDDIv2 and v3 WS Stubs and Schema Bindings Generated from WSDL,org.apache.juddi.jaxb,PrintJUDDI,62,0,2,0,18,0,5,0,4,0
UDDIv2 and v3 WS Stubs and Schema Bindings Generated from WSDL,org.apache.juddi.jaxb,PrintUDDI,19,0,2,0,6,0,3,0,2,0
UDDIv2 and v3 WS Stubs and Schema Bindings Generated from WSDL,org.apache.juddi.jaxb,EntityCreator,98,0,6,0,25,0,8,0,5,0
UDDIv2 and v3 WS Stubs and Schema Bindings Generated from WSDL,org.uddi.custody_v3,TransferEntities,24,0,0,0,10,0,7,0,7,0
UDDIv2 and v3 WS Stubs and Schema Bindings Generated from WSDL,org.uddi.custody_v3,DiscardTransferToken,24,0,0,0,10,0,7,0,7,0
UDDIv2 and v3 WS Stubs and Schema Bindings Generated from WSDL,org.uddi.custody_v3,GetTransferToken,17,0,0,0,7,0,5,0,5,0
UDDIv2 and v3 WS Stubs and Schema Bindings Generated from WSDL,org.uddi.custody_v3,TransferOperationalInfo,17,0,0,0,7,0,5,0,5,0
UDDIv2 and v3 WS Stubs and Schema Bindings Generated from WSDL,org.uddi.custody_v3,TransferToken,25,0,0,0,10,0,7,0,7,0
UDDIv2 and v3 WS Stubs and Schema Bindings Generated from WSDL,org.uddi.custody_v3,KeyBag,14,0,2,0,4,0,3,0,2,0
UDDIv2 and v3 WS Stubs and Schema Bindings Generated from WSDL,org.uddi.custody_v3,ObjectFactory,112,0,0,0,20,0,14,0,14,0
UDDIv2 and v3 WS Stubs and Schema Bindings Generated from WSDL,org.uddi.v2_service,DispositionReport,103,0,16,0,29,0,13,0,5,0
UDDIv2 and v3 WS Stubs and Schema Bindings Generated from WSDL,org.uddi.subr_v3,ObjectFactory,22,0,0,0,5,0,4,0,4,0
UDDIv2 and v3 WS Stubs and Schema Bindings Generated from WSDL,org.uddi.subr_v3,NotifySubscriptionListener,17,0,0,0,7,0,5,0,5,0
UDDIv2 and v3 WS Stubs and Schema Bindings Generated from WSDL,org.w3._2000._09.xmldsig_,X509IssuerSerialType,17,0,0,0,7,0,5,0,5,0
UDDIv2 and v3 WS Stubs and Schema Bindings Generated from WSDL,org.w3._2000._09.xmldsig_,TransformsType,14,0,2,0,4,0,3,0,2,0
UDDIv2 and v3 WS Stubs and Schema Bindings Generated from WSDL,org.w3._2000._09.xmldsig_,SignatureValueType,18,0,0,0,7,0,5,0,5,0
UDDIv2 and v3 WS Stubs and Schema Bindings Generated from WSDL,org.w3._2000._09.xmldsig_,SignaturePropertiesType,21,0,2,0,7,0,5,0,4,0
UDDIv2 and v3 WS Stubs and Schema Bindings Generated from WSDL,org.w3._2000._09.xmldsig_,KeyInfoType,21,0,2,0,7,0,5,0,4,0
UDDIv2 and v3 WS Stubs and Schema Bindings Generated from WSDL,org.w3._2000._09.xmldsig_,SignedInfoType,35,0,2,0,13,0,9,0,8,0
UDDIv2 and v3 WS Stubs and Schema Bindings Generated from WSDL,org.w3._2000._09.xmldsig_,SignaturePropertyType,28,0,2,0,10,0,7,0,6,0
UDDIv2 and v3 WS Stubs and Schema Bindings Generated from WSDL,org.w3._2000._09.xmldsig_,ObjectType,35,0,2,0,13,0,9,0,8,0
UDDIv2 and v3 WS Stubs and Schema Bindings Generated from WSDL,org.w3._2000._09.xmldsig_,SignatureMethodType,21,0,2,0,7,0,5,0,4,0
UDDIv2 and v3 WS Stubs and Schema Bindings Generated from WSDL,org.w3._2000._09.xmldsig_,KeyValueType,14,0,2,0,4,0,3,0,2,0
UDDIv2 and v3 WS Stubs and Schema Bindings Generated from WSDL,org.w3._2000._09.xmldsig_,DSAKeyValueType,59,0,0,0,22,0,15,0,15,0
UDDIv2 and v3 WS Stubs and Schema Bindings Generated from WSDL,org.w3._2000._09.xmldsig_,ManifestType,21,0,2,0,7,0,5,0,4,0
UDDIv2 and v3 WS Stubs and Schema Bindings Generated from WSDL,org.w3._2000._09.xmldsig_,ReferenceType,46,0,0,0,19,0,13,0,13,0
UDDIv2 and v3 WS Stubs and Schema Bindings Generated from WSDL,org.w3._2000._09.xmldsig_,ObjectFactory,575,0,0,0,92,0,58,0,58,0
UDDIv2 and v3 WS Stubs and Schema Bindings Generated from WSDL,org.w3._2000._09.xmldsig_,SPKIDataType,14,0,2,0,4,0,3,0,2,0
UDDIv2 and v3 WS Stubs and Schema Bindings Generated from WSDL,org.w3._2000._09.xmldsig_,CanonicalizationMethodType,21,0,2,0,7,0,5,0,4,0
UDDIv2 and v3 WS Stubs and Schema Bindings Generated from WSDL,org.w3._2000._09.xmldsig_,PGPDataType,14,0,2,0,4,0,3,0,2,0
UDDIv2 and v3 WS Stubs and Schema Bindings Generated from WSDL,org.w3._2000._09.xmldsig_,RSAKeyValueType,19,0,0,0,7,0,5,0,5,0
UDDIv2 and v3 WS Stubs and Schema Bindings Generated from WSDL,org.w3._2000._09.xmldsig_,DigestMethodType,21,0,2,0,7,0,5,0,4,0
UDDIv2 and v3 WS Stubs and Schema Bindings Generated from WSDL,org.w3._2000._09.xmldsig_,SignatureType,42,0,2,0,16,0,11,0,10,0
UDDIv2 and v3 WS Stubs and Schema Bindings Generated from WSDL,org.w3._2000._09.xmldsig_,RetrievalMethodType,24,0,0,0,10,0,7,0,7,0
UDDIv2 and v3 WS Stubs and Schema Bindings Generated from WSDL,org.w3._2000._09.xmldsig_,TransformType,21,0,2,0,7,0,5,0,4,0
UDDIv2 and v3 WS Stubs and Schema Bindings Generated from WSDL,org.w3._2000._09.xmldsig_,X509DataType,14,0,2,0,4,0,3,0,2,0
UDDIv2 and v3 WS Stubs and Schema Bindings Generated from WSDL,org.uddi.v3_service,DispositionReportFaultMessage,106,0,18,0,30,0,14,0,5,0
UDDIv2 and v3 WS Stubs and Schema Bindings Generated from WSDL,org.uddi.api_v3,DiscardAuthToken,16,0,0,0,7,0,4,0,4,0
UDDIv2 and v3 WS Stubs and Schema Bindings Generated from WSDL,org.uddi.api_v3,BindingTemplate,67,0,4,0,25,0,17,0,15,0
UDDIv2 and v3 WS Stubs and Schema Bindings Generated from WSDL,org.uddi.api_v3,DispositionReport,81,0,6,0,24,0,9,0,6,0
UDDIv2 and v3 WS Stubs and Schema Bindings Generated from WSDL,org.uddi.api_v3,AssertionStatusItem,38,0,0,0,16,0,11,0,11,0
UDDIv2 and v3 WS Stubs and Schema Bindings Generated from WSDL,org.uddi.api_v3,OperationalInfo,45,0,0,0,19,0,13,0,13,0
UDDIv2 and v3 WS Stubs and Schema Bindings Generated from WSDL,org.uddi.api_v3,DeleteTModel,21,0,2,0,7,0,5,0,4,0
UDDIv2 and v3 WS Stubs and Schema Bindings Generated from WSDL,org.uddi.api_v3,TModelInstanceDetails,14,0,2,0,4,0,3,0,2,0
UDDIv2 and v3 WS Stubs and Schema Bindings Generated from WSDL,org.uddi.api_v3,Description,26,0,0,0,12,0,6,0,6,0
UDDIv2 and v3 WS Stubs and Schema Bindings Generated from WSDL,org.uddi.api_v3,GetTModelDetail,21,0,2,0,7,0,5,0,4,0
UDDIv2 and v3 WS Stubs and Schema Bindings Generated from WSDL,org.uddi.api_v3,PersonName,17,9,0,0,7,4,5,1,5,1
UDDIv2 and v3 WS Stubs and Schema Bindings Generated from WSDL,org.uddi.api_v3,KeyedReference,41,0,2,0,18,0,9,0,8,0
UDDIv2 and v3 WS Stubs and Schema Bindings Generated from WSDL,org.uddi.api_v3,TModelInfos,14,0,2,0,4,0,3,0,2,0
UDDIv2 and v3 WS Stubs and Schema Bindings Generated from WSDL,org.uddi.api_v3,ErrInfo,17,0,0,0,7,0,5,0,5,0
UDDIv2 and v3 WS Stubs and Schema Bindings Generated from WSDL,org.uddi.api_v3,BusinessEntity,78,0,6,0,28,0,19,0,16,0
UDDIv2 and v3 WS Stubs and Schema Bindings Generated from WSDL,org.uddi.api_v3,GetServiceDetail,21,0,2,0,7,0,5,0,4,0
UDDIv2 and v3 WS Stubs and Schema Bindings Generated from WSDL,org.uddi.api_v3,BusinessList,24,0,0,0,10,0,7,0,7,0
UDDIv2 and v3 WS Stubs and Schema Bindings Generated from WSDL,org.uddi.api_v3,GetAuthToken,26,0,0,0,12,0,6,0,6,0
UDDIv2 and v3 WS Stubs and Schema Bindings Generated from WSDL,org.uddi.api_v3,Contact,56,14,11,1,17,4,12,2,6,2
UDDIv2 and v3 WS Stubs and Schema Bindings Generated from WSDL,org.uddi.api_v3,GetPublisherAssertions,10,0,0,0,4,0,3,0,3,0
UDDIv2 and v3 WS Stubs and Schema Bindings Generated from WSDL,org.uddi.api_v3,SaveService,21,0,2,0,7,0,5,0,4,0
UDDIv2 and v3 WS Stubs and Schema Bindings Generated from WSDL,org.uddi.api_v3,BusinessInfo,39,0,4,0,13,0,9,0,7,0
UDDIv2 and v3 WS Stubs and Schema Bindings Generated from WSDL,org.uddi.api_v3,GetAssertionStatusReport,17,0,0,0,7,0,5,0,5,0
UDDIv2 and v3 WS Stubs and Schema Bindings Generated from WSDL,org.uddi.api_v3,CompletionStatus,36,60,4,0,5,8,5,3,3,3
UDDIv2 and v3 WS Stubs and Schema Bindings Generated from WSDL,org.uddi.api_v3,GetRegisteredInfo,17,0,0,0,7,0,5,0,5,0
UDDIv2 and v3 WS Stubs and Schema Bindings Generated from WSDL,org.uddi.api_v3,Direction,36,38,4,0,5,6,5,3,3,3
UDDIv2 and v3 WS Stubs and Schema Bindings Generated from WSDL,org.uddi.api_v3,KeysOwned,17,0,0,0,7,0,5,0,5,0
UDDIv2 and v3 WS Stubs and Schema Bindings Generated from WSDL,org.uddi.api_v3,FindService,70,0,2,0,28,0,19,0,18,0
UDDIv2 and v3 WS Stubs and Schema Bindings Generated from WSDL,org.uddi.api_v3,CategoryBag,25,0,4,0,7,0,5,0,3,0
UDDIv2 and v3 WS Stubs and Schema Bindings Generated from WSDL,org.uddi.api_v3,DeleteBinding,21,0,2,0,7,0,5,0,4,0
UDDIv2 and v3 WS Stubs and Schema Bindings Generated from WSDL,org.uddi.api_v3,ServiceDetail,21,0,2,0,7,0,5,0,4,0
UDDIv2 and v3 WS Stubs and Schema Bindings Generated from WSDL,org.uddi.api_v3,Email,31,0,2,0,13,0,7,0,6,0
UDDIv2 and v3 WS Stubs and Schema Bindings Generated from WSDL,org.uddi.api_v3,Address,52,0,6,0,20,0,13,0,10,0
UDDIv2 and v3 WS Stubs and Schema Bindings Generated from WSDL,org.uddi.api_v3,FindRelatedBusinesses,59,0,0,0,25,0,17,0,17,0
UDDIv2 and v3 WS Stubs and Schema Bindings Generated from WSDL,org.uddi.api_v3,Result,24,0,0,0,10,0,7,0,7,0
UDDIv2 and v3 WS Stubs and Schema Bindings Generated from WSDL,org.uddi.api_v3,PublisherAssertion,35,0,2,0,13,0,9,0,8,0
UDDIv2 and v3 WS Stubs and Schema Bindings Generated from WSDL,org.uddi.api_v3,SharedRelationships,32,0,4,0,10,0,7,0,5,0
UDDIv2 and v3 WS Stubs and Schema Bindings Generated from WSDL,org.uddi.api_v3,KeyedReferenceGroup,21,0,2,0,7,0,5,0,4,0
UDDIv2 and v3 WS Stubs and Schema Bindings Generated from WSDL,org.uddi.api_v3,OperationalInfos,21,0,2,0,7,0,5,0,4,0
UDDIv2 and v3 WS Stubs and Schema Bindings Generated from WSDL,org.uddi.api_v3,BusinessDetail,21,0,2,0,7,0,5,0,4,0
UDDIv2 and v3 WS Stubs and Schema Bindings Generated from WSDL,org.uddi.api_v3,ObjectFactory,1168,626,0,0,189,106,189,3,189,3
UDDIv2 and v3 WS Stubs and Schema Bindings Generated from WSDL,org.uddi.api_v3,AuthToken,0,10,0,0,0,4,0,3,0,3
UDDIv2 and v3 WS Stubs and Schema Bindings Generated from WSDL,org.uddi.api_v3,BusinessInfos,14,0,2,0,4,0,3,0,2,0
UDDIv2 and v3 WS Stubs and Schema Bindings Generated from WSDL,org.uddi.api_v3,BusinessServices,14,0,2,0,4,0,3,0,2,0
UDDIv2 and v3 WS Stubs and Schema Bindings Generated from WSDL,org.uddi.api_v3,FindBusiness,84,0,2,0,34,0,23,0,22,0
UDDIv2 and v3 WS Stubs and Schema Bindings Generated from WSDL,org.uddi.api_v3,Name,32,0,0,0,14,0,6,0,6,0
UDDIv2 and v3 WS Stubs and Schema Bindings Generated from WSDL,org.uddi.api_v3,DeleteService,21,0,2,0,7,0,5,0,4,0
UDDIv2 and v3 WS Stubs and Schema Bindings Generated from WSDL,org.uddi.api_v3,OverviewDoc,21,0,2,0,7,0,5,0,4,0
UDDIv2 and v3 WS Stubs and Schema Bindings Generated from WSDL,org.uddi.api_v3,RegisteredInfo,24,0,0,0,10,0,7,0,7,0
UDDIv2 and v3 WS Stubs and Schema Bindings Generated from WSDL,org.uddi.api_v3,AssertionStatusReport,14,0,2,0,4,0,3,0,2,0
UDDIv2 and v3 WS Stubs and Schema Bindings Generated from WSDL,org.uddi.api_v3,DiscoveryURL,31,0,2,0,14,0,7,0,6,0
UDDIv2 and v3 WS Stubs and Schema Bindings Generated from WSDL,org.uddi.api_v3,HostingRedirector,10,0,0,0,4,0,3,0,3,0
UDDIv2 and v3 WS Stubs and Schema Bindings Generated from WSDL,org.uddi.api_v3,KeyType,36,71,4,0,5,9,5,3,3,3
UDDIv2 and v3 WS Stubs and Schema Bindings Generated from WSDL,org.uddi.api_v3,SetPublisherAssertions,21,0,2,0,7,0,5,0,4,0
UDDIv2 and v3 WS Stubs and Schema Bindings Generated from WSDL,org.uddi.api_v3,SaveBinding,21,0,2,0,7,0,5,0,4,0
UDDIv2 and v3 WS Stubs and Schema Bindings Generated from WSDL,org.uddi.api_v3,DeleteBusiness,21,0,2,0,7,0,5,0,4,0
UDDIv2 and v3 WS Stubs and Schema Bindings Generated from WSDL,org.uddi.api_v3,InfoSelection,36,49,4,0,5,7,5,3,3,3
UDDIv2 and v3 WS Stubs and Schema Bindings Generated from WSDL,org.uddi.api_v3,InstanceDetails,26,6,4,0,8,2,5,2,3,2
UDDIv2 and v3 WS Stubs and Schema Bindings Generated from WSDL,org.uddi.api_v3,OverviewURL,31,0,2,0,14,0,7,0,6,0
UDDIv2 and v3 WS Stubs and Schema Bindings Generated from WSDL,org.uddi.api_v3,ServiceList,24,0,0,0,10,0,7,0,7,0
UDDIv2 and v3 WS Stubs and Schema Bindings Generated from WSDL,org.uddi.api_v3,GetBusinessDetail,21,0,2,0,7,0,5,0,4,0
UDDIv2 and v3 WS Stubs and Schema Bindings Generated from WSDL,org.uddi.api_v3,FindTModel,52,0,0,0,22,0,15,0,15,0
UDDIv2 and v3 WS Stubs and Schema Bindings Generated from WSDL,org.uddi.api_v3,IdentifierBag,14,0,2,0,4,0,3,0,2,0
UDDIv2 and v3 WS Stubs and Schema Bindings Generated from WSDL,org.uddi.api_v3,Phone,22,0,2,0,9,0,6,0,5,0
UDDIv2 and v3 WS Stubs and Schema Bindings Generated from WSDL,org.uddi.api_v3,TModelList,24,0,0,0,10,0,7,0,7,0
UDDIv2 and v3 WS Stubs and Schema Bindings Generated from WSDL,org.uddi.api_v3,DiscoveryURLs,14,0,2,0,4,0,3,0,2,0
UDDIv2 and v3 WS Stubs and Schema Bindings Generated from WSDL,org.uddi.api_v3,TModelDetail,21,0,2,0,7,0,5,0,4,0
UDDIv2 and v3 WS Stubs and Schema Bindings Generated from WSDL,org.uddi.api_v3,RelatedBusinessesList,31,0,0,0,13,0,9,0,9,0
UDDIv2 and v3 WS Stubs and Schema Bindings Generated from WSDL,org.uddi.api_v3,DeletePublisherAssertions,21,0,2,0,7,0,5,0,4,0
UDDIv2 and v3 WS Stubs and Schema Bindings Generated from WSDL,org.uddi.api_v3,RelatedBusinessInfo,43,0,6,0,13,0,9,0,6,0
UDDIv2 and v3 WS Stubs and Schema Bindings Generated from WSDL,org.uddi.api_v3,AddressLine,46,0,4,0,19,0,10,0,8,0
UDDIv2 and v3 WS Stubs and Schema Bindings Generated from WSDL,org.uddi.api_v3,FindBinding,59,0,0,0,25,0,17,0,17,0
UDDIv2 and v3 WS Stubs and Schema Bindings Generated from WSDL,org.uddi.api_v3,BindingDetail,28,0,2,0,10,0,7,0,6,0
UDDIv2 and v3 WS Stubs and Schema Bindings Generated from WSDL,org.uddi.api_v3,ListDescription,24,0,0,0,10,0,7,0,7,0
UDDIv2 and v3 WS Stubs and Schema Bindings Generated from WSDL,org.uddi.api_v3,BindingTemplates,14,0,2,0,4,0,3,0,2,0
UDDIv2 and v3 WS Stubs and Schema Bindings Generated from WSDL,org.uddi.api_v3,SaveTModel,21,0,2,0,7,0,5,0,4,0
UDDIv2 and v3 WS Stubs and Schema Bindings Generated from WSDL,org.uddi.api_v3,AddPublisherAssertions,21,0,2,0,7,0,5,0,4,0
UDDIv2 and v3 WS Stubs and Schema Bindings Generated from WSDL,org.uddi.api_v3,TModel,77,0,8,0,27,0,18,0,14,0
UDDIv2 and v3 WS Stubs and Schema Bindings Generated from WSDL,org.uddi.api_v3,Contacts,14,0,2,0,4,0,3,0,2,0
UDDIv2 and v3 WS Stubs and Schema Bindings Generated from WSDL,org.uddi.api_v3,TModelInfo,28,0,2,0,10,0,7,0,6,0
UDDIv2 and v3 WS Stubs and Schema Bindings Generated from WSDL,org.uddi.api_v3,GetOperationalInfo,21,0,2,0,7,0,5,0,4,0
UDDIv2 and v3 WS Stubs and Schema Bindings Generated from WSDL,org.uddi.api_v3,ServiceInfo,28,0,2,0,10,0,7,0,6,0
UDDIv2 and v3 WS Stubs and Schema Bindings Generated from WSDL,org.uddi.api_v3,FindQualifiers,14,0,2,0,4,0,3,0,2,0
UDDIv2 and v3 WS Stubs and Schema Bindings Generated from WSDL,org.uddi.api_v3,AccessPoint,31,0,2,0,13,0,7,0,6,0
UDDIv2 and v3 WS Stubs and Schema Bindings Generated from WSDL,org.uddi.api_v3,SaveBusiness,21,0,2,0,7,0,5,0,4,0
UDDIv2 and v3 WS Stubs and Schema Bindings Generated from WSDL,org.uddi.api_v3,ServiceInfos,14,0,2,0,4,0,3,0,2,0
UDDIv2 and v3 WS Stubs and Schema Bindings Generated from WSDL,org.uddi.api_v3,TModelInstanceInfo,28,0,2,0,10,0,7,0,6,0
UDDIv2 and v3 WS Stubs and Schema Bindings Generated from WSDL,org.uddi.api_v3,PublisherAssertionsResponse,14,0,2,0,4,0,3,0,2,0
UDDIv2 and v3 WS Stubs and Schema Bindings Generated from WSDL,org.uddi.api_v3,PublisherAssertions,14,0,2,0,4,0,3,0,2,0
UDDIv2 and v3 WS Stubs and Schema Bindings Generated from WSDL,org.uddi.api_v3,BusinessService,64,0,6,0,22,0,15,0,12,0
UDDIv2 and v3 WS Stubs and Schema Bindings Generated from WSDL,org.uddi.api_v3,RelatedBusinessInfos,14,0,2,0,4,0,3,0,2,0
UDDIv2 and v3 WS Stubs and Schema Bindings Generated from WSDL,org.uddi.api_v3,GetBindingDetail,21,0,2,0,7,0,5,0,4,0
UDDIv2 and v3 WS Stubs and Schema Bindings Generated from WSDL,org.uddi.api_v3,TModelBag,14,0,2,0,4,0,3,0,2,0
UDDIv2 and v3 WS Stubs and Schema Bindings Generated from WSDL,org.uddi.policy_v3,Policies,25,0,4,0,7,0,5,0,3,0
UDDIv2 and v3 WS Stubs and Schema Bindings Generated from WSDL,org.uddi.policy_v3,PolicyDescriptionType,17,0,0,0,7,0,5,0,5,0
UDDIv2 and v3 WS Stubs and Schema Bindings Generated from WSDL,org.uddi.policy_v3,ObjectFactory,58,0,0,0,11,0,8,0,8,0
UDDIv2 and v3 WS Stubs and Schema Bindings Generated from WSDL,org.uddi.policy_v3,Policy,28,0,2,0,10,0,7,0,6,0
UDDIv2 and v3 WS Stubs and Schema Bindings Generated from WSDL,org.uddi.vs_v3,ObjectFactory,22,0,0,0,5,0,4,0,4,0
UDDIv2 and v3 WS Stubs and Schema Bindings Generated from WSDL,org.uddi.vs_v3,ValidateValues,65,0,10,0,19,0,13,0,8,0
UDDIv2 and v3 WS Stubs and Schema Bindings Generated from WSDL,org.uddi.api_v2,FindService,59,0,2,0,23,0,15,0,14,0
UDDIv2 and v3 WS Stubs and Schema Bindings Generated from WSDL,org.uddi.api_v2,AssertionStatusReport,28,0,2,0,10,0,7,0,6,0
UDDIv2 and v3 WS Stubs and Schema Bindings Generated from WSDL,org.uddi.api_v2,TModelBag,14,0,2,0,4,0,3,0,2,0
UDDIv2 and v3 WS Stubs and Schema Bindings Generated from WSDL,org.uddi.api_v2,DispositionReport,95,0,6,0,30,0,13,0,10,0
UDDIv2 and v3 WS Stubs and Schema Bindings Generated from WSDL,org.uddi.api_v2,AuthToken,24,0,0,0,10,0,7,0,7,0
UDDIv2 and v3 WS Stubs and Schema Bindings Generated from WSDL,org.uddi.api_v2,Description,26,0,0,0,11,0,6,0,6,0
UDDIv2 and v3 WS Stubs and Schema Bindings Generated from WSDL,org.uddi.api_v2,GetServiceDetail,24,0,2,0,8,0,5,0,4,0
UDDIv2 and v3 WS Stubs and Schema Bindings Generated from WSDL,org.uddi.api_v2,RelatedBusinessInfos,14,0,2,0,4,0,3,0,2,0
UDDIv2 and v3 WS Stubs and Schema Bindings Generated from WSDL,org.uddi.api_v2,GetBindingDetail,24,0,2,0,8,0,5,0,4,0
UDDIv2 and v3 WS Stubs and Schema Bindings Generated from WSDL,org.uddi.api_v2,TModelInfos,14,0,2,0,4,0,3,0,2,0
UDDIv2 and v3 WS Stubs and Schema Bindings Generated from WSDL,org.uddi.api_v2,PublisherAssertions,35,0,2,0,13,0,9,0,8,0
UDDIv2 and v3 WS Stubs and Schema Bindings Generated from WSDL,org.uddi.api_v2,BusinessService,53,0,4,0,19,0,13,0,11,0
UDDIv2 and v3 WS Stubs and Schema Bindings Generated from WSDL,org.uddi.api_v2,BusinessEntity,81,0,4,0,31,0,21,0,19,0
UDDIv2 and v3 WS Stubs and Schema Bindings Generated from WSDL,org.uddi.api_v2,FindRelatedBusinesses,41,0,0,0,17,0,11,0,11,0
UDDIv2 and v3 WS Stubs and Schema Bindings Generated from WSDL,org.uddi.api_v2,DeleteTModel,28,0,2,0,10,0,7,0,6,0
UDDIv2 and v3 WS Stubs and Schema Bindings Generated from WSDL,org.uddi.api_v2,RelatedBusinessInfo,43,0,6,0,13,0,9,0,6,0
UDDIv2 and v3 WS Stubs and Schema Bindings Generated from WSDL,org.uddi.api_v2,TModelInfo,17,0,0,0,7,0,5,0,5,0
UDDIv2 and v3 WS Stubs and Schema Bindings Generated from WSDL,org.uddi.api_v2,CategoryBag,14,0,2,0,4,0,3,0,2,0
UDDIv2 and v3 WS Stubs and Schema Bindings Generated from WSDL,org.uddi.api_v2,DeletePublisherAssertions,28,0,2,0,10,0,7,0,6,0
UDDIv2 and v3 WS Stubs and Schema Bindings Generated from WSDL,org.uddi.api_v2,TModelList,31,0,0,0,13,0,9,0,9,0
UDDIv2 and v3 WS Stubs and Schema Bindings Generated from WSDL,org.uddi.api_v2,SetPublisherAssertions,28,0,2,0,10,0,7,0,6,0
UDDIv2 and v3 WS Stubs and Schema Bindings Generated from WSDL,org.uddi.api_v2,SaveService,28,0,2,0,10,0,7,0,6,0
UDDIv2 and v3 WS Stubs and Schema Bindings Generated from WSDL,org.uddi.api_v2,DiscardAuthToken,17,0,0,0,7,0,5,0,5,0
UDDIv2 and v3 WS Stubs and Schema Bindings Generated from WSDL,org.uddi.api_v2,Phone,17,0,0,0,7,0,5,0,5,0
UDDIv2 and v3 WS Stubs and Schema Bindings Generated from WSDL,org.uddi.api_v2,BusinessDetail,35,0,2,0,13,0,9,0,8,0
UDDIv2 and v3 WS Stubs and Schema Bindings Generated from WSDL,org.uddi.api_v2,FindBusiness,66,0,2,0,26,0,17,0,16,0
UDDIv2 and v3 WS Stubs and Schema Bindings Generated from WSDL,org.uddi.api_v2,GetAssertionStatusReport,27,0,0,0,11,0,7,0,7,0
UDDIv2 and v3 WS Stubs and Schema Bindings Generated from WSDL,org.uddi.api_v2,SaveBusiness,39,0,4,0,13,0,9,0,7,0
UDDIv2 and v3 WS Stubs and Schema Bindings Generated from WSDL,org.uddi.api_v2,ServiceInfos,14,0,2,0,4,0,3,0,2,0
UDDIv2 and v3 WS Stubs and Schema Bindings Generated from WSDL,org.uddi.api_v2,AddressLine,24,0,0,0,10,0,7,0,7,0
UDDIv2 and v3 WS Stubs and Schema Bindings Generated from WSDL,org.uddi.api_v2,FindBinding,41,0,0,0,17,0,11,0,11,0
UDDIv2 and v3 WS Stubs and Schema Bindings Generated from WSDL,org.uddi.api_v2,GetAuthToken,27,0,0,0,11,0,7,0,7,0
UDDIv2 and v3 WS Stubs and Schema Bindings Generated from WSDL,org.uddi.api_v2,BusinessList,31,0,0,0,13,0,9,0,9,0
UDDIv2 and v3 WS Stubs and Schema Bindings Generated from WSDL,org.uddi.api_v2,BusinessInfos,14,0,2,0,4,0,3,0,2,0
UDDIv2 and v3 WS Stubs and Schema Bindings Generated from WSDL,org.uddi.api_v2,KeysOwned,17,0,0,0,7,0,5,0,5,0
UDDIv2 and v3 WS Stubs and Schema Bindings Generated from WSDL,org.uddi.api_v2,ServiceInfo,28,0,2,0,10,0,7,0,6,0
UDDIv2 and v3 WS Stubs and Schema Bindings Generated from WSDL,org.uddi.api_v2,URLType,129,0,4,0,16,0,8,0,6,0
UDDIv2 and v3 WS Stubs and Schema Bindings Generated from WSDL,org.uddi.api_v2,PublisherAssertion,24,0,0,0,10,0,7,0,7,0
UDDIv2 and v3 WS Stubs and Schema Bindings Generated from WSDL,org.uddi.api_v2,AddPublisherAssertions,28,0,2,0,10,0,7,0,6,0
UDDIv2 and v3 WS Stubs and Schema Bindings Generated from WSDL,org.uddi.api_v2,KeyedReference,36,0,0,0,15,0,8,0,8,0
UDDIv2 and v3 WS Stubs and Schema Bindings Generated from WSDL,org.uddi.api_v2,AccessPoint,26,0,0,0,11,0,6,0,6,0
UDDIv2 and v3 WS Stubs and Schema Bindings Generated from WSDL,org.uddi.api_v2,ObjectFactory,1680,0,0,0,277,0,181,0,181,0
UDDIv2 and v3 WS Stubs and Schema Bindings Generated from WSDL,org.uddi.api_v2,BusinessEntityExt,21,0,2,0,7,0,5,0,4,0
UDDIv2 and v3 WS Stubs and Schema Bindings Generated from WSDL,org.uddi.api_v2,SharedRelationships,21,0,2,0,7,0,5,0,4,0
UDDIv2 and v3 WS Stubs and Schema Bindings Generated from WSDL,org.uddi.api_v2,BusinessInfo,39,0,4,0,13,0,9,0,7,0
UDDIv2 and v3 WS Stubs and Schema Bindings Generated from WSDL,org.uddi.api_v2,RelatedBusinessesList,38,0,0,0,16,0,11,0,11,0
UDDIv2 and v3 WS Stubs and Schema Bindings Generated from WSDL,org.uddi.api_v2,TModel,63,0,2,0,25,0,17,0,16,0
UDDIv2 and v3 WS Stubs and Schema Bindings Generated from WSDL,org.uddi.api_v2,Email,17,0,0,0,7,0,5,0,5,0
UDDIv2 and v3 WS Stubs and Schema Bindings Generated from WSDL,org.uddi.api_v2,GetBusinessDetailExt,24,0,2,0,8,0,5,0,4,0
UDDIv2 and v3 WS Stubs and Schema Bindings Generated from WSDL,org.uddi.api_v2,TModelDetail,35,0,2,0,13,0,9,0,8,0
UDDIv2 and v3 WS Stubs and Schema Bindings Generated from WSDL,org.uddi.api_v2,BindingTemplates,14,0,2,0,4,0,3,0,2,0
UDDIv2 and v3 WS Stubs and Schema Bindings Generated from WSDL,org.uddi.api_v2,TModelInstanceDetails,14,0,2,0,4,0,3,0,2,0
UDDIv2 and v3 WS Stubs and Schema Bindings Generated from WSDL,org.uddi.api_v2,OverviewDoc,21,0,2,0,7,0,5,0,4,0
UDDIv2 and v3 WS Stubs and Schema Bindings Generated from WSDL,org.uddi.api_v2,BusinessDetailExt,35,0,2,0,13,0,9,0,8,0
UDDIv2 and v3 WS Stubs and Schema Bindings Generated from WSDL,org.uddi.api_v2,DiscoveryURLs,14,0,2,0,4,0,3,0,2,0
UDDIv2 and v3 WS Stubs and Schema Bindings Generated from WSDL,org.uddi.api_v2,SaveBinding,28,0,2,0,10,0,7,0,6,0
UDDIv2 and v3 WS Stubs and Schema Bindings Generated from WSDL,org.uddi.api_v2,Contact,61,0,8,0,19,0,13,0,9,0
UDDIv2 and v3 WS Stubs and Schema Bindings Generated from WSDL,org.uddi.api_v2,BindingDetail,35,0,2,0,13,0,9,0,8,0
UDDIv2 and v3 WS Stubs and Schema Bindings Generated from WSDL,org.uddi.api_v2,Name,26,0,0,0,11,0,6,0,6,0
UDDIv2 and v3 WS Stubs and Schema Bindings Generated from WSDL,org.uddi.api_v2,ValidateValues,43,0,6,0,13,0,9,0,6,0
UDDIv2 and v3 WS Stubs and Schema Bindings Generated from WSDL,org.uddi.api_v2,ServiceDetail,35,0,2,0,13,0,9,0,8,0
UDDIv2 and v3 WS Stubs and Schema Bindings Generated from WSDL,org.uddi.api_v2,HostingRedirector,10,0,0,0,4,0,3,0,3,0
UDDIv2 and v3 WS Stubs and Schema Bindings Generated from WSDL,org.uddi.api_v2,GetPublisherAssertions,20,0,0,0,8,0,5,0,5,0
UDDIv2 and v3 WS Stubs and Schema Bindings Generated from WSDL,org.uddi.api_v2,Truncated,74,0,4,0,11,0,8,0,6,0
UDDIv2 and v3 WS Stubs and Schema Bindings Generated from WSDL,org.uddi.api_v2,ServiceList,31,0,0,0,13,0,9,0,9,0
UDDIv2 and v3 WS Stubs and Schema Bindings Generated from WSDL,org.uddi.api_v2,GetTModelDetail,24,0,2,0,8,0,5,0,4,0
UDDIv2 and v3 WS Stubs and Schema Bindings Generated from WSDL,org.uddi.api_v2,DiscoveryURL,17,0,0,0,7,0,5,0,5,0
UDDIv2 and v3 WS Stubs and Schema Bindings Generated from WSDL,org.uddi.api_v2,RegisteredInfo,38,0,0,0,16,0,11,0,11,0
UDDIv2 and v3 WS Stubs and Schema Bindings Generated from WSDL,org.uddi.api_v2,Contacts,14,0,2,0,4,0,3,0,2,0
UDDIv2 and v3 WS Stubs and Schema Bindings Generated from WSDL,org.uddi.api_v2,SaveTModel,39,0,4,0,13,0,9,0,7,0
UDDIv2 and v3 WS Stubs and Schema Bindings Generated from WSDL,org.uddi.api_v2,DeleteBinding,28,0,2,0,10,0,7,0,6,0
UDDIv2 and v3 WS Stubs and Schema Bindings Generated from WSDL,org.uddi.api_v2,AssertionStatusItem,38,0,0,0,16,0,11,0,11,0
UDDIv2 and v3 WS Stubs and Schema Bindings Generated from WSDL,org.uddi.api_v2,DeleteService,28,0,2,0,10,0,7,0,6,0
UDDIv2 and v3 WS Stubs and Schema Bindings Generated from WSDL,org.uddi.api_v2,IdentifierBag,14,0,2,0,4,0,3,0,2,0
UDDIv2 and v3 WS Stubs and Schema Bindings Generated from WSDL,org.uddi.api_v2,FindTModel,48,0,0,0,20,0,13,0,13,0
UDDIv2 and v3 WS Stubs and Schema Bindings Generated from WSDL,org.uddi.api_v2,TModelInstanceInfo,28,0,2,0,10,0,7,0,6,0
UDDIv2 and v3 WS Stubs and Schema Bindings Generated from WSDL,org.uddi.api_v2,FindQualifiers,14,0,2,0,4,0,3,0,2,0
UDDIv2 and v3 WS Stubs and Schema Bindings Generated from WSDL,org.uddi.api_v2,BindingTemplate,49,0,2,0,19,0,13,0,12,0
UDDIv2 and v3 WS Stubs and Schema Bindings Generated from WSDL,org.uddi.api_v2,BusinessServices,14,0,2,0,4,0,3,0,2,0
UDDIv2 and v3 WS Stubs and Schema Bindings Generated from WSDL,org.uddi.api_v2,DeleteBusiness,28,0,2,0,10,0,7,0,6,0
UDDIv2 and v3 WS Stubs and Schema Bindings Generated from WSDL,org.uddi.api_v2,Direction,74,0,4,0,11,0,8,0,6,0
UDDIv2 and v3 WS Stubs and Schema Bindings Generated from WSDL,org.uddi.api_v2,GetBusinessDetail,24,0,2,0,8,0,5,0,4,0
UDDIv2 and v3 WS Stubs and Schema Bindings Generated from WSDL,org.uddi.api_v2,KeyType,96,0,4,0,13,0,8,0,6,0
UDDIv2 and v3 WS Stubs and Schema Bindings Generated from WSDL,org.uddi.api_v2,Address,35,0,2,0,13,0,9,0,8,0
UDDIv2 and v3 WS Stubs and Schema Bindings Generated from WSDL,org.uddi.api_v2,GetRegisteredInfo,20,0,0,0,8,0,5,0,5,0
UDDIv2 and v3 WS Stubs and Schema Bindings Generated from WSDL,org.uddi.api_v2,InstanceDetails,28,0,2,0,10,0,7,0,6,0
UDDIv2 and v3 WS Stubs and Schema Bindings Generated from WSDL,org.uddi.api_v2,Result,24,0,0,0,10,0,7,0,7,0
UDDIv2 and v3 WS Stubs and Schema Bindings Generated from WSDL,org.uddi.api_v2,ErrInfo,17,0,0,0,7,0,5,0,5,0
UDDIv2 and v3 WS Stubs and Schema Bindings Generated from WSDL,org.apache.juddi,InitialContextInfo,5,13,1,1,1,6,1,3,0,3
UDDIv2 and v3 WS Stubs and Schema Bindings Generated from WSDL,org.apache.juddi,ObjectFactory,22,0,0,0,5,0,4,0,4,0
UDDIv2 and v3 WS Stubs and Schema Bindings Generated from WSDL,org.apache.juddi,Property,8,18,0,0,4,8,2,4,2,4
