<?xml version="1.0" encoding="UTF-8" standalone="yes"?><!DOCTYPE report PUBLIC "-//JACOCO//DTD Report 1.0//EN" "report.dtd"><report name="jUDDI REST Services using Apache CXF"><sessioninfo id="DESKTOP-NI28OIB-b7bfa5ac" start="1624401400122" dump="1624401417881"/><package name="org/apache/juddi/api/impl/rest"><class name="org/apache/juddi/api/impl/rest/UDDIInquiryJAXRS"><method name="&lt;init&gt;" desc="()V" line="52"><counter type="INSTRUCTION" missed="6" covered="0"/><counter type="LINE" missed="2" covered="0"/><counter type="COMPLEXITY" missed="1" covered="0"/><counter type="METHOD" missed="1" covered="0"/></method><method name="getBusinessDetailJSON" desc="(Ljava/lang/String;)Lorg/uddi/api_v3/BusinessEntity;" line="68"><counter type="INSTRUCTION" missed="4" covered="0"/><counter type="LINE" missed="1" covered="0"/><counter type="COMPLEXITY" missed="1" covered="0"/><counter type="METHOD" missed="1" covered="0"/></method><method name="getBusinessDetailXML" desc="(Ljava/lang/String;)Lorg/uddi/api_v3/BusinessEntity;" line="83"><counter type="INSTRUCTION" missed="4" covered="0"/><counter type="LINE" missed="1" covered="0"/><counter type="COMPLEXITY" missed="1" covered="0"/><counter type="METHOD" missed="1" covered="0"/></method><method name="getBusinessDetail" desc="(Ljava/lang/String;)Lorg/uddi/api_v3/BusinessEntity;" line="87"><counter type="INSTRUCTION" missed="24" covered="0"/><counter type="LINE" missed="7" covered="0"/><counter type="COMPLEXITY" missed="1" covered="0"/><counter type="METHOD" missed="1" covered="0"/></method><method name="getTModelDetailXML" desc="(Ljava/lang/String;)Lorg/uddi/api_v3/TModel;" line="111"><counter type="INSTRUCTION" missed="4" covered="0"/><counter type="LINE" missed="1" covered="0"/><counter type="COMPLEXITY" missed="1" covered="0"/><counter type="METHOD" missed="1" covered="0"/></method><method name="getTModelDetailJSON" desc="(Ljava/lang/String;)Lorg/uddi/api_v3/TModel;" line="126"><counter type="INSTRUCTION" missed="4" covered="0"/><counter type="LINE" missed="1" covered="0"/><counter type="COMPLEXITY" missed="1" covered="0"/><counter type="METHOD" missed="1" covered="0"/></method><method name="getTModelDetail" desc="(Ljava/lang/String;)Lorg/uddi/api_v3/TModel;" line="130"><counter type="INSTRUCTION" missed="24" covered="0"/><counter type="LINE" missed="7" covered="0"/><counter type="COMPLEXITY" missed="1" covered="0"/><counter type="METHOD" missed="1" covered="0"/></method><method name="getServiceDetailJSON" desc="(Ljava/lang/String;)Lorg/uddi/api_v3/BusinessService;" line="154"><counter type="INSTRUCTION" missed="4" covered="0"/><counter type="LINE" missed="1" covered="0"/><counter type="COMPLEXITY" missed="1" covered="0"/><counter type="METHOD" missed="1" covered="0"/></method><method name="getDetailJSON" desc="(Ljava/lang/String;Ljava/lang/String;Ljava/lang/String;Ljava/lang/String;)Ljava/lang/Object;" line="178"><counter type="INSTRUCTION" missed="51" covered="0"/><counter type="BRANCH" missed="18" covered="0"/><counter type="LINE" missed="20" covered="0"/><counter type="COMPLEXITY" missed="10" covered="0"/><counter type="METHOD" missed="1" covered="0"/></method><method name="getDetailXML" desc="(Ljava/lang/String;Ljava/lang/String;Ljava/lang/String;Ljava/lang/String;)Ljava/lang/Object;" line="231"><counter type="INSTRUCTION" missed="51" covered="0"/><counter type="BRANCH" missed="18" covered="0"/><counter type="LINE" missed="20" covered="0"/><counter type="COMPLEXITY" missed="10" covered="0"/><counter type="METHOD" missed="1" covered="0"/></method><method name="getServiceDetailXML" desc="(Ljava/lang/String;)Lorg/uddi/api_v3/BusinessService;" line="274"><counter type="INSTRUCTION" missed="4" covered="0"/><counter type="LINE" missed="1" covered="0"/><counter type="COMPLEXITY" missed="1" covered="0"/><counter type="METHOD" missed="1" covered="0"/></method><method name="getServiceDetail" desc="(Ljava/lang/String;)Lorg/uddi/api_v3/BusinessService;" line="278"><counter type="INSTRUCTION" missed="24" covered="0"/><counter type="LINE" missed="7" covered="0"/><counter type="COMPLEXITY" missed="1" covered="0"/><counter type="METHOD" missed="1" covered="0"/></method><method name="getOpInfoJSON" desc="(Ljava/lang/String;)Lorg/uddi/api_v3/OperationalInfo;" line="302"><counter type="INSTRUCTION" missed="4" covered="0"/><counter type="LINE" missed="1" covered="0"/><counter type="COMPLEXITY" missed="1" covered="0"/><counter type="METHOD" missed="1" covered="0"/></method><method name="getOpInfoXML" desc="(Ljava/lang/String;)Lorg/uddi/api_v3/OperationalInfo;" line="317"><counter type="INSTRUCTION" missed="4" covered="0"/><counter type="LINE" missed="1" covered="0"/><counter type="COMPLEXITY" missed="1" covered="0"/><counter type="METHOD" missed="1" covered="0"/></method><method name="getOpInfoDetail" desc="(Ljava/lang/String;)Lorg/uddi/api_v3/OperationalInfo;" line="321"><counter type="INSTRUCTION" missed="24" covered="0"/><counter type="LINE" missed="7" covered="0"/><counter type="COMPLEXITY" missed="1" covered="0"/><counter type="METHOD" missed="1" covered="0"/></method><method name="getBindingDetailJSON" desc="(Ljava/lang/String;)Lorg/uddi/api_v3/BindingTemplate;" line="344"><counter type="INSTRUCTION" missed="4" covered="0"/><counter type="LINE" missed="1" covered="0"/><counter type="COMPLEXITY" missed="1" covered="0"/><counter type="METHOD" missed="1" covered="0"/></method><method name="getBindingDetailXML" desc="(Ljava/lang/String;)Lorg/uddi/api_v3/BindingTemplate;" line="359"><counter type="INSTRUCTION" missed="4" covered="0"/><counter type="LINE" missed="1" covered="0"/><counter type="COMPLEXITY" missed="1" covered="0"/><counter type="METHOD" missed="1" covered="0"/></method><method name="getBindingDetail" desc="(Ljava/lang/String;)Lorg/uddi/api_v3/BindingTemplate;" line="363"><counter type="INSTRUCTION" missed="24" covered="0"/><counter type="LINE" missed="7" covered="0"/><counter type="COMPLEXITY" missed="1" covered="0"/><counter type="METHOD" missed="1" covered="0"/></method><method name="geEndpointsByServiceJSON" desc="(Ljava/lang/String;)Lorg/apache/juddi/api_v3/rest/UriContainer;" line="386"><counter type="INSTRUCTION" missed="4" covered="0"/><counter type="LINE" missed="1" covered="0"/><counter type="COMPLEXITY" missed="1" covered="0"/><counter type="METHOD" missed="1" covered="0"/></method><method name="getEndpointsByServiceXML" desc="(Ljava/lang/String;)Lorg/apache/juddi/api_v3/rest/UriContainer;" line="401"><counter type="INSTRUCTION" missed="4" covered="0"/><counter type="LINE" missed="1" covered="0"/><counter type="COMPLEXITY" missed="1" covered="0"/><counter type="METHOD" missed="1" covered="0"/></method><method name="getBusinessListXML" desc="()Lorg/uddi/sub_v3/KeyBag;" line="416"><counter type="INSTRUCTION" missed="3" covered="0"/><counter type="LINE" missed="1" covered="0"/><counter type="COMPLEXITY" missed="1" covered="0"/><counter type="METHOD" missed="1" covered="0"/></method><method name="getBusinessListJSON" desc="()Lorg/uddi/sub_v3/KeyBag;" line="431"><counter type="INSTRUCTION" missed="3" covered="0"/><counter type="LINE" missed="1" covered="0"/><counter type="COMPLEXITY" missed="1" covered="0"/><counter type="METHOD" missed="1" covered="0"/></method><method name="getServiceListXML" desc="()Lorg/uddi/sub_v3/KeyBag;" line="445"><counter type="INSTRUCTION" missed="3" covered="0"/><counter type="LINE" missed="1" covered="0"/><counter type="COMPLEXITY" missed="1" covered="0"/><counter type="METHOD" missed="1" covered="0"/></method><method name="getServiceListJSON" desc="()Lorg/uddi/sub_v3/KeyBag;" line="459"><counter type="INSTRUCTION" missed="3" covered="0"/><counter type="LINE" missed="1" covered="0"/><counter type="COMPLEXITY" missed="1" covered="0"/><counter type="METHOD" missed="1" covered="0"/></method><method name="getTModelListXML" desc="()Lorg/uddi/sub_v3/KeyBag;" line="473"><counter type="INSTRUCTION" missed="3" covered="0"/><counter type="LINE" missed="1" covered="0"/><counter type="COMPLEXITY" missed="1" covered="0"/><counter type="METHOD" missed="1" covered="0"/></method><method name="getBusinessSearchXML" desc="(Ljava/lang/String;Ljava/lang/String;Ljava/lang/String;Ljava/lang/Integer;Ljava/lang/Integer;)Lorg/uddi/api_v3/BusinessList;" line="496"><counter type="INSTRUCTION" missed="8" covered="0"/><counter type="LINE" missed="1" covered="0"/><counter type="COMPLEXITY" missed="1" covered="0"/><counter type="METHOD" missed="1" covered="0"/></method><method name="getBusinessSearchJSON" desc="(Ljava/lang/String;Ljava/lang/String;Ljava/lang/String;Ljava/lang/Integer;Ljava/lang/Integer;)Lorg/uddi/api_v3/BusinessList;" line="519"><counter type="INSTRUCTION" missed="8" covered="0"/><counter type="LINE" missed="1" covered="0"/><counter type="COMPLEXITY" missed="1" covered="0"/><counter type="METHOD" missed="1" covered="0"/></method><method name="getServiceSearchJSON" desc="(Ljava/lang/String;Ljava/lang/String;Ljava/lang/String;Ljava/lang/Integer;Ljava/lang/Integer;)Lorg/uddi/api_v3/ServiceList;" line="542"><counter type="INSTRUCTION" missed="8" covered="0"/><counter type="LINE" missed="1" covered="0"/><counter type="COMPLEXITY" missed="1" covered="0"/><counter type="METHOD" missed="1" covered="0"/></method><method name="getServiceSearchXML" desc="(Ljava/lang/String;Ljava/lang/String;Ljava/lang/String;Ljava/lang/Integer;Ljava/lang/Integer;)Lorg/uddi/api_v3/ServiceList;" line="565"><counter type="INSTRUCTION" missed="8" covered="0"/><counter type="LINE" missed="1" covered="0"/><counter type="COMPLEXITY" missed="1" covered="0"/><counter type="METHOD" missed="1" covered="0"/></method><method name="getTModelListJSON" desc="()Lorg/uddi/sub_v3/KeyBag;" line="579"><counter type="INSTRUCTION" missed="3" covered="0"/><counter type="LINE" missed="1" covered="0"/><counter type="COMPLEXITY" missed="1" covered="0"/><counter type="METHOD" missed="1" covered="0"/></method><method name="getTModelSearchJSON" desc="(Ljava/lang/String;Ljava/lang/String;Ljava/lang/String;Ljava/lang/Integer;Ljava/lang/Integer;)Lorg/uddi/api_v3/TModelList;" line="602"><counter type="INSTRUCTION" missed="8" covered="0"/><counter type="LINE" missed="1" covered="0"/><counter type="COMPLEXITY" missed="1" covered="0"/><counter type="METHOD" missed="1" covered="0"/></method><method name="getTModelSearchXML" desc="(Ljava/lang/String;Ljava/lang/String;Ljava/lang/String;Ljava/lang/Integer;Ljava/lang/Integer;)Lorg/uddi/api_v3/TModelList;" line="625"><counter type="INSTRUCTION" missed="8" covered="0"/><counter type="LINE" missed="1" covered="0"/><counter type="COMPLEXITY" missed="1" covered="0"/><counter type="METHOD" missed="1" covered="0"/></method><method name="getEndpointsByService" desc="(Ljava/lang/String;)Lorg/apache/juddi/api_v3/rest/UriContainer;" line="629"><counter type="INSTRUCTION" missed="50" covered="0"/><counter type="BRANCH" missed="4" covered="0"/><counter type="LINE" missed="14" covered="0"/><counter type="COMPLEXITY" missed="3" covered="0"/><counter type="METHOD" missed="1" covered="0"/></method><method name="GetEndpoints" desc="(Lorg/uddi/api_v3/ServiceDetail;Ljava/lang/String;)Ljava/util/List;" line="650"><counter type="INSTRUCTION" missed="56" covered="0"/><counter type="BRANCH" missed="8" covered="0"/><counter type="LINE" missed="8" covered="0"/><counter type="COMPLEXITY" missed="5" covered="0"/><counter type="METHOD" missed="1" covered="0"/></method><method name="GetBindingInfo" desc="(Ljava/lang/String;Ljava/lang/String;)Ljava/util/List;" line="665"><counter type="INSTRUCTION" missed="46" covered="0"/><counter type="BRANCH" missed="4" covered="0"/><counter type="LINE" missed="10" covered="0"/><counter type="COMPLEXITY" missed="3" covered="0"/><counter type="METHOD" missed="1" covered="0"/></method><method name="FetchWSDL" desc="(Ljava/lang/String;)Ljava/util/List;" line="680"><counter type="INSTRUCTION" missed="113" covered="0"/><counter type="BRANCH" missed="10" covered="0"/><counter type="LINE" missed="19" covered="0"/><counter type="COMPLEXITY" missed="6" covered="0"/><counter type="METHOD" missed="1" covered="0"/></method><method name="ParseBinding" desc="(Lorg/uddi/api_v3/BindingTemplate;Ljava/lang/String;)Ljava/util/List;" line="712"><counter type="INSTRUCTION" missed="103" covered="0"/><counter type="BRANCH" missed="18" covered="0"/><counter type="LINE" missed="19" covered="0"/><counter type="COMPLEXITY" missed="10" covered="0"/><counter type="METHOD" missed="1" covered="0"/></method><method name="HandleException" desc="(Ljava/lang/Exception;)V" line="755"><counter type="INSTRUCTION" missed="70" covered="0"/><counter type="BRANCH" missed="12" covered="0"/><counter type="LINE" missed="15" covered="0"/><counter type="COMPLEXITY" missed="7" covered="0"/><counter type="METHOD" missed="1" covered="0"/></method><method name="getBusinessListData" desc="()Lorg/uddi/sub_v3/KeyBag;" line="780"><counter type="INSTRUCTION" missed="70" covered="0"/><counter type="BRANCH" missed="6" covered="0"/><counter type="LINE" missed="15" covered="0"/><counter type="COMPLEXITY" missed="4" covered="0"/><counter type="METHOD" missed="1" covered="0"/></method><method name="getServiceListData" desc="()Lorg/uddi/sub_v3/KeyBag;" line="801"><counter type="INSTRUCTION" missed="70" covered="0"/><counter type="BRANCH" missed="6" covered="0"/><counter type="LINE" missed="15" covered="0"/><counter type="COMPLEXITY" missed="4" covered="0"/><counter type="METHOD" missed="1" covered="0"/></method><method name="getTmodelListData" desc="()Lorg/uddi/sub_v3/KeyBag;" line="822"><counter type="INSTRUCTION" missed="68" covered="0"/><counter type="BRANCH" missed="6" covered="0"/><counter type="LINE" missed="15" covered="0"/><counter type="COMPLEXITY" missed="4" covered="0"/><counter type="METHOD" missed="1" covered="0"/></method><method name="getBusinessSearch" desc="(Ljava/lang/String;Ljava/lang/String;Ljava/lang/String;Ljava/lang/Integer;Ljava/lang/Integer;)Lorg/uddi/api_v3/BusinessList;" line="843"><counter type="INSTRUCTION" missed="86" covered="0"/><counter type="BRANCH" missed="10" covered="0"/><counter type="LINE" missed="23" covered="0"/><counter type="COMPLEXITY" missed="6" covered="0"/><counter type="METHOD" missed="1" covered="0"/></method><method name="getServiceSearch" desc="(Ljava/lang/String;Ljava/lang/String;Ljava/lang/String;Ljava/lang/Integer;Ljava/lang/Integer;)Lorg/uddi/api_v3/ServiceList;" line="880"><counter type="INSTRUCTION" missed="86" covered="0"/><counter type="BRANCH" missed="10" covered="0"/><counter type="LINE" missed="23" covered="0"/><counter type="COMPLEXITY" missed="6" covered="0"/><counter type="METHOD" missed="1" covered="0"/></method><method name="getTModelSearch" desc="(Ljava/lang/String;Ljava/lang/String;Ljava/lang/String;Ljava/lang/Integer;Ljava/lang/Integer;)Lorg/uddi/api_v3/TModelList;" line="917"><counter type="INSTRUCTION" missed="78" covered="0"/><counter type="BRANCH" missed="10" covered="0"/><counter type="LINE" missed="23" covered="0"/><counter type="COMPLEXITY" missed="6" covered="0"/><counter type="METHOD" missed="1" covered="0"/></method><method name="&lt;clinit&gt;" desc="()V" line="54"><counter type="INSTRUCTION" missed="8" covered="0"/><counter type="LINE" missed="2" covered="0"/><counter type="COMPLEXITY" missed="1" covered="0"/><counter type="METHOD" missed="1" covered="0"/></method><counter type="INSTRUCTION" missed="1246" covered="0"/><counter type="BRANCH" missed="140" covered="0"/><counter type="LINE" missed="302" covered="0"/><counter type="COMPLEXITY" missed="115" covered="0"/><counter type="METHOD" missed="45" covered="0"/><counter type="CLASS" missed="1" covered="0"/></class><sourcefile name="UDDIInquiryJAXRS.java"><line nr="52" mi="2" ci="0" mb="0" cb="0"/><line nr="54" mi="4" ci="0" mb="0" cb="0"/><line nr="55" mi="4" ci="0" mb="0" cb="0"/><line nr="68" mi="4" ci="0" mb="0" cb="0"/><line nr="83" mi="4" ci="0" mb="0" cb="0"/><line nr="87" mi="4" ci="0" mb="0" cb="0"/><line nr="88" mi="5" ci="0" mb="0" cb="0"/><line nr="91" mi="4" ci="0" mb="0" cb="0"/><line nr="92" mi="6" ci="0" mb="0" cb="0"/><line nr="93" mi="1" ci="0" mb="0" cb="0"/><line nr="94" mi="2" ci="0" mb="0" cb="0"/><line nr="96" mi="2" ci="0" mb="0" cb="0"/><line nr="111" mi="4" ci="0" mb="0" cb="0"/><line nr="126" mi="4" ci="0" mb="0" cb="0"/><line nr="130" mi="4" ci="0" mb="0" cb="0"/><line nr="131" mi="5" ci="0" mb="0" cb="0"/><line nr="134" mi="4" ci="0" mb="0" cb="0"/><line nr="135" mi="6" ci="0" mb="0" cb="0"/><line nr="136" mi="1" ci="0" mb="0" cb="0"/><line nr="137" mi="2" ci="0" mb="0" cb="0"/><line nr="139" mi="2" ci="0" mb="0" cb="0"/><line nr="154" mi="4" ci="0" mb="0" cb="0"/><line nr="178" mi="2" ci="0" mb="0" cb="0"/><line nr="179" mi="2" ci="0" mb="2" cb="0"/><line nr="180" mi="1" ci="0" mb="0" cb="0"/><line nr="182" mi="2" ci="0" mb="2" cb="0"/><line nr="183" mi="1" ci="0" mb="0" cb="0"/><line nr="185" mi="2" ci="0" mb="2" cb="0"/><line nr="186" mi="1" ci="0" mb="0" cb="0"/><line nr="188" mi="2" ci="0" mb="2" cb="0"/><line nr="189" mi="1" ci="0" mb="0" cb="0"/><line nr="191" mi="3" ci="0" mb="2" cb="0"/><line nr="192" mi="5" ci="0" mb="0" cb="0"/><line nr="195" mi="2" ci="0" mb="2" cb="0"/><line nr="196" mi="4" ci="0" mb="0" cb="0"/><line nr="198" mi="2" ci="0" mb="2" cb="0"/><line nr="199" mi="4" ci="0" mb="0" cb="0"/><line nr="201" mi="2" ci="0" mb="2" cb="0"/><line nr="202" mi="4" ci="0" mb="0" cb="0"/><line nr="204" mi="2" ci="0" mb="2" cb="0"/><line nr="205" mi="4" ci="0" mb="0" cb="0"/><line nr="207" mi="5" ci="0" mb="0" cb="0"/><line nr="231" mi="2" ci="0" mb="0" cb="0"/><line nr="232" mi="2" ci="0" mb="2" cb="0"/><line nr="233" mi="1" ci="0" mb="0" cb="0"/><line nr="235" mi="2" ci="0" mb="2" cb="0"/><line nr="236" mi="1" ci="0" mb="0" cb="0"/><line nr="238" mi="2" ci="0" mb="2" cb="0"/><line nr="239" mi="1" ci="0" mb="0" cb="0"/><line nr="241" mi="2" ci="0" mb="2" cb="0"/><line nr="242" mi="1" ci="0" mb="0" cb="0"/><line nr="244" mi="3" ci="0" mb="2" cb="0"/><line nr="245" mi="5" ci="0" mb="0" cb="0"/><line nr="247" mi="2" ci="0" mb="2" cb="0"/><line nr="248" mi="4" ci="0" mb="0" cb="0"/><line nr="250" mi="2" ci="0" mb="2" cb="0"/><line nr="251" mi="4" ci="0" mb="0" cb="0"/><line nr="253" mi="2" ci="0" mb="2" cb="0"/><line nr="254" mi="4" ci="0" mb="0" cb="0"/><line nr="256" mi="2" ci="0" mb="2" cb="0"/><line nr="257" mi="4" ci="0" mb="0" cb="0"/><line nr="259" mi="5" ci="0" mb="0" cb="0"/><line nr="274" mi="4" ci="0" mb="0" cb="0"/><line nr="278" mi="4" ci="0" mb="0" cb="0"/><line nr="279" mi="5" ci="0" mb="0" cb="0"/><line nr="282" mi="4" ci="0" mb="0" cb="0"/><line nr="283" mi="6" ci="0" mb="0" cb="0"/><line nr="284" mi="1" ci="0" mb="0" cb="0"/><line nr="285" mi="2" ci="0" mb="0" cb="0"/><line nr="287" mi="2" ci="0" mb="0" cb="0"/><line nr="302" mi="4" ci="0" mb="0" cb="0"/><line nr="317" mi="4" ci="0" mb="0" cb="0"/><line nr="321" mi="4" ci="0" mb="0" cb="0"/><line nr="322" mi="5" ci="0" mb="0" cb="0"/><line nr="324" mi="4" ci="0" mb="0" cb="0"/><line nr="325" mi="6" ci="0" mb="0" cb="0"/><line nr="326" mi="1" ci="0" mb="0" cb="0"/><line nr="327" mi="2" ci="0" mb="0" cb="0"/><line nr="329" mi="2" ci="0" mb="0" cb="0"/><line nr="344" mi="4" ci="0" mb="0" cb="0"/><line nr="359" mi="4" ci="0" mb="0" cb="0"/><line nr="363" mi="4" ci="0" mb="0" cb="0"/><line nr="364" mi="5" ci="0" mb="0" cb="0"/><line nr="366" mi="4" ci="0" mb="0" cb="0"/><line nr="367" mi="6" ci="0" mb="0" cb="0"/><line nr="368" mi="1" ci="0" mb="0" cb="0"/><line nr="369" mi="2" ci="0" mb="0" cb="0"/><line nr="371" mi="2" ci="0" mb="0" cb="0"/><line nr="386" mi="4" ci="0" mb="0" cb="0"/><line nr="401" mi="4" ci="0" mb="0" cb="0"/><line nr="416" mi="3" ci="0" mb="0" cb="0"/><line nr="431" mi="3" ci="0" mb="0" cb="0"/><line nr="445" mi="3" ci="0" mb="0" cb="0"/><line nr="459" mi="3" ci="0" mb="0" cb="0"/><line nr="473" mi="3" ci="0" mb="0" cb="0"/><line nr="496" mi="8" ci="0" mb="0" cb="0"/><line nr="519" mi="8" ci="0" mb="0" cb="0"/><line nr="542" mi="8" ci="0" mb="0" cb="0"/><line nr="565" mi="8" ci="0" mb="0" cb="0"/><line nr="579" mi="3" ci="0" mb="0" cb="0"/><line nr="602" mi="8" ci="0" mb="0" cb="0"/><line nr="625" mi="8" ci="0" mb="0" cb="0"/><line nr="629" mi="4" ci="0" mb="0" cb="0"/><line nr="630" mi="4" ci="0" mb="0" cb="0"/><line nr="631" mi="4" ci="0" mb="0" cb="0"/><line nr="633" mi="5" ci="0" mb="0" cb="0"/><line nr="635" mi="4" ci="0" mb="0" cb="0"/><line nr="636" mi="6" ci="0" mb="4" cb="0"/><line nr="637" mi="5" ci="0" mb="0" cb="0"/><line nr="639" mi="5" ci="0" mb="0" cb="0"/><line nr="640" mi="4" ci="0" mb="0" cb="0"/><line nr="642" mi="1" ci="0" mb="0" cb="0"/><line nr="643" mi="2" ci="0" mb="0" cb="0"/><line nr="644" mi="1" ci="0" mb="0" cb="0"/><line nr="645" mi="3" ci="0" mb="0" cb="0"/><line nr="646" mi="2" ci="0" mb="0" cb="0"/><line nr="650" mi="4" ci="0" mb="0" cb="0"/><line nr="651" mi="2" ci="0" mb="2" cb="0"/><line nr="652" mi="2" ci="0" mb="0" cb="0"/><line nr="654" mi="9" ci="0" mb="2" cb="0"/><line nr="655" mi="7" ci="0" mb="2" cb="0"/><line nr="656" mi="14" ci="0" mb="2" cb="0"/><line nr="657" mi="16" ci="0" mb="0" cb="0"/><line nr="661" mi="2" ci="0" mb="0" cb="0"/><line nr="665" mi="4" ci="0" mb="0" cb="0"/><line nr="666" mi="2" ci="0" mb="2" cb="0"/><line nr="667" mi="2" ci="0" mb="0" cb="0"/><line nr="669" mi="4" ci="0" mb="0" cb="0"/><line nr="670" mi="3" ci="0" mb="0" cb="0"/><line nr="671" mi="5" ci="0" mb="0" cb="0"/><line nr="672" mi="4" ci="0" mb="0" cb="0"/><line nr="673" mi="9" ci="0" mb="2" cb="0"/><line nr="674" mi="11" ci="0" mb="0" cb="0"/><line nr="676" mi="2" ci="0" mb="0" cb="0"/><line nr="680" mi="4" ci="0" mb="0" cb="0"/><line nr="682" mi="8" ci="0" mb="4" cb="0"/><line nr="684" mi="4" ci="0" mb="0" cb="0"/><line nr="685" mi="3" ci="0" mb="0" cb="0"/><line nr="687" mi="7" ci="0" mb="0" cb="0"/><line nr="688" mi="4" ci="0" mb="0" cb="0"/><line nr="690" mi="5" ci="0" mb="0" cb="0"/><line nr="691" mi="5" ci="0" mb="0" cb="0"/><line nr="692" mi="5" ci="0" mb="0" cb="0"/><line nr="693" mi="5" ci="0" mb="0" cb="0"/><line nr="695" mi="9" ci="0" mb="0" cb="0"/><line nr="696" mi="4" ci="0" mb="0" cb="0"/><line nr="697" mi="9" ci="0" mb="2" cb="0"/><line nr="698" mi="7" ci="0" mb="2" cb="0"/><line nr="699" mi="14" ci="0" mb="2" cb="0"/><line nr="700" mi="16" ci="0" mb="0" cb="0"/><line nr="704" mi="1" ci="0" mb="0" cb="0"/><line nr="705" mi="1" ci="0" mb="0" cb="0"/><line nr="708" mi="2" ci="0" mb="0" cb="0"/><line nr="712" mi="4" ci="0" mb="0" cb="0"/><line nr="713" mi="5" ci="0" mb="4" cb="0"/><line nr="714" mi="2" ci="0" mb="0" cb="0"/><line nr="716" mi="3" ci="0" mb="2" cb="0"/><line nr="719" mi="9" ci="0" mb="0" cb="0"/><line nr="721" mi="3" ci="0" mb="2" cb="0"/><line nr="722" mi="4" ci="0" mb="0" cb="0"/><line nr="723" mi="2" ci="0" mb="2" cb="0"/><line nr="726" mi="7" ci="0" mb="0" cb="0"/><line nr="728" mi="5" ci="0" mb="2" cb="0"/><line nr="730" mi="10" ci="0" mb="0" cb="0"/><line nr="731" mi="5" ci="0" mb="2" cb="0"/><line nr="734" mi="10" ci="0" mb="0" cb="0"/><line nr="736" mi="5" ci="0" mb="2" cb="0"/><line nr="738" mi="9" ci="0" mb="0" cb="0"/><line nr="739" mi="5" ci="0" mb="2" cb="0"/><line nr="741" mi="7" ci="0" mb="0" cb="0"/><line nr="746" mi="6" ci="0" mb="0" cb="0"/><line nr="751" mi="2" ci="0" mb="0" cb="0"/><line nr="755" mi="2" ci="0" mb="2" cb="0"/><line nr="756" mi="5" ci="0" mb="0" cb="0"/><line nr="758" mi="4" ci="0" mb="0" cb="0"/><line nr="759" mi="3" ci="0" mb="0" cb="0"/><line nr="760" mi="3" ci="0" mb="2" cb="0"/><line nr="761" mi="3" ci="0" mb="0" cb="0"/><line nr="762" mi="3" ci="0" mb="2" cb="0"/><line nr="763" mi="5" ci="0" mb="0" cb="0"/><line nr="765" mi="6" ci="0" mb="2" cb="0"/><line nr="766" mi="6" ci="0" mb="0" cb="0"/><line nr="768" mi="6" ci="0" mb="2" cb="0"/><line nr="769" mi="6" ci="0" mb="0" cb="0"/><line nr="771" mi="6" ci="0" mb="2" cb="0"/><line nr="772" mi="6" ci="0" mb="0" cb="0"/><line nr="775" mi="6" ci="0" mb="0" cb="0"/><line nr="777" mi="4" ci="0" mb="0" cb="0"/><line nr="780" mi="4" ci="0" mb="0" cb="0"/><line nr="781" mi="9" ci="0" mb="0" cb="0"/><line nr="782" mi="5" ci="0" mb="0" cb="0"/><line nr="783" mi="6" ci="0" mb="0" cb="0"/><line nr="784" mi="4" ci="0" mb="0" cb="0"/><line nr="785" mi="2" ci="0" mb="0" cb="0"/><line nr="787" mi="4" ci="0" mb="0" cb="0"/><line nr="788" mi="1" ci="0" mb="0" cb="0"/><line nr="789" mi="2" ci="0" mb="0" cb="0"/><line nr="790" mi="1" ci="0" mb="0" cb="0"/><line nr="791" mi="4" ci="0" mb="0" cb="0"/><line nr="792" mi="5" ci="0" mb="4" cb="0"/><line nr="793" mi="10" ci="0" mb="2" cb="0"/><line nr="794" mi="11" ci="0" mb="0" cb="0"/><line nr="797" mi="2" ci="0" mb="0" cb="0"/><line nr="801" mi="4" ci="0" mb="0" cb="0"/><line nr="802" mi="9" ci="0" mb="0" cb="0"/><line nr="803" mi="5" ci="0" mb="0" cb="0"/><line nr="804" mi="6" ci="0" mb="0" cb="0"/><line nr="805" mi="4" ci="0" mb="0" cb="0"/><line nr="806" mi="2" ci="0" mb="0" cb="0"/><line nr="808" mi="4" ci="0" mb="0" cb="0"/><line nr="809" mi="1" ci="0" mb="0" cb="0"/><line nr="810" mi="2" ci="0" mb="0" cb="0"/><line nr="811" mi="1" ci="0" mb="0" cb="0"/><line nr="812" mi="4" ci="0" mb="0" cb="0"/><line nr="813" mi="5" ci="0" mb="4" cb="0"/><line nr="814" mi="10" ci="0" mb="2" cb="0"/><line nr="815" mi="11" ci="0" mb="0" cb="0"/><line nr="818" mi="2" ci="0" mb="0" cb="0"/><line nr="822" mi="4" ci="0" mb="0" cb="0"/><line nr="823" mi="7" ci="0" mb="0" cb="0"/><line nr="824" mi="5" ci="0" mb="0" cb="0"/><line nr="825" mi="6" ci="0" mb="0" cb="0"/><line nr="826" mi="4" ci="0" mb="0" cb="0"/><line nr="827" mi="2" ci="0" mb="0" cb="0"/><line nr="829" mi="4" ci="0" mb="0" cb="0"/><line nr="830" mi="1" ci="0" mb="0" cb="0"/><line nr="831" mi="2" ci="0" mb="0" cb="0"/><line nr="832" mi="1" ci="0" mb="0" cb="0"/><line nr="833" mi="4" ci="0" mb="0" cb="0"/><line nr="834" mi="5" ci="0" mb="4" cb="0"/><line nr="835" mi="10" ci="0" mb="2" cb="0"/><line nr="836" mi="11" ci="0" mb="0" cb="0"/><line nr="839" mi="2" ci="0" mb="0" cb="0"/><line nr="843" mi="4" ci="0" mb="0" cb="0"/><line nr="845" mi="9" ci="0" mb="0" cb="0"/><line nr="846" mi="2" ci="0" mb="2" cb="0"/><line nr="847" mi="7" ci="0" mb="0" cb="0"/><line nr="849" mi="2" ci="0" mb="2" cb="0"/><line nr="850" mi="7" ci="0" mb="0" cb="0"/><line nr="852" mi="5" ci="0" mb="0" cb="0"/><line nr="853" mi="2" ci="0" mb="2" cb="0"/><line nr="854" mi="7" ci="0" mb="0" cb="0"/><line nr="856" mi="4" ci="0" mb="0" cb="0"/><line nr="857" mi="7" ci="0" mb="0" cb="0"/><line nr="859" mi="4" ci="0" mb="0" cb="0"/><line nr="861" mi="2" ci="0" mb="2" cb="0"/><line nr="862" mi="3" ci="0" mb="0" cb="0"/><line nr="864" mi="4" ci="0" mb="0" cb="0"/><line nr="865" mi="2" ci="0" mb="2" cb="0"/><line nr="866" mi="3" ci="0" mb="0" cb="0"/><line nr="869" mi="2" ci="0" mb="0" cb="0"/><line nr="871" mi="4" ci="0" mb="0" cb="0"/><line nr="872" mi="1" ci="0" mb="0" cb="0"/><line nr="873" mi="2" ci="0" mb="0" cb="0"/><line nr="874" mi="1" ci="0" mb="0" cb="0"/><line nr="875" mi="2" ci="0" mb="0" cb="0"/><line nr="880" mi="4" ci="0" mb="0" cb="0"/><line nr="882" mi="9" ci="0" mb="0" cb="0"/><line nr="883" mi="2" ci="0" mb="2" cb="0"/><line nr="884" mi="7" ci="0" mb="0" cb="0"/><line nr="886" mi="2" ci="0" mb="2" cb="0"/><line nr="887" mi="7" ci="0" mb="0" cb="0"/><line nr="889" mi="5" ci="0" mb="0" cb="0"/><line nr="890" mi="2" ci="0" mb="2" cb="0"/><line nr="891" mi="7" ci="0" mb="0" cb="0"/><line nr="893" mi="4" ci="0" mb="0" cb="0"/><line nr="894" mi="7" ci="0" mb="0" cb="0"/><line nr="896" mi="4" ci="0" mb="0" cb="0"/><line nr="898" mi="2" ci="0" mb="2" cb="0"/><line nr="899" mi="3" ci="0" mb="0" cb="0"/><line nr="901" mi="4" ci="0" mb="0" cb="0"/><line nr="902" mi="2" ci="0" mb="2" cb="0"/><line nr="903" mi="3" ci="0" mb="0" cb="0"/><line nr="906" mi="2" ci="0" mb="0" cb="0"/><line nr="908" mi="4" ci="0" mb="0" cb="0"/><line nr="909" mi="1" ci="0" mb="0" cb="0"/><line nr="910" mi="2" ci="0" mb="0" cb="0"/><line nr="911" mi="1" ci="0" mb="0" cb="0"/><line nr="913" mi="2" ci="0" mb="0" cb="0"/><line nr="917" mi="4" ci="0" mb="0" cb="0"/><line nr="919" mi="7" ci="0" mb="0" cb="0"/><line nr="920" mi="2" ci="0" mb="2" cb="0"/><line nr="921" mi="4" ci="0" mb="0" cb="0"/><line nr="923" mi="2" ci="0" mb="2" cb="0"/><line nr="924" mi="4" ci="0" mb="0" cb="0"/><line nr="926" mi="5" ci="0" mb="0" cb="0"/><line nr="927" mi="2" ci="0" mb="2" cb="0"/><line nr="928" mi="7" ci="0" mb="0" cb="0"/><line nr="930" mi="4" ci="0" mb="0" cb="0"/><line nr="931" mi="7" ci="0" mb="0" cb="0"/><line nr="933" mi="4" ci="0" mb="0" cb="0"/><line nr="935" mi="2" ci="0" mb="2" cb="0"/><line nr="936" mi="3" ci="0" mb="0" cb="0"/><line nr="938" mi="4" ci="0" mb="0" cb="0"/><line nr="939" mi="2" ci="0" mb="2" cb="0"/><line nr="940" mi="3" ci="0" mb="0" cb="0"/><line nr="943" mi="2" ci="0" mb="0" cb="0"/><line nr="945" mi="4" ci="0" mb="0" cb="0"/><line nr="946" mi="1" ci="0" mb="0" cb="0"/><line nr="947" mi="2" ci="0" mb="0" cb="0"/><line nr="948" mi="1" ci="0" mb="0" cb="0"/><line nr="950" mi="2" ci="0" mb="0" cb="0"/><counter type="INSTRUCTION" missed="1246" covered="0"/><counter type="BRANCH" missed="140" covered="0"/><counter type="LINE" missed="302" covered="0"/><counter type="COMPLEXITY" missed="115" covered="0"/><counter type="METHOD" missed="45" covered="0"/><counter type="CLASS" missed="1" covered="0"/></sourcefile><counter type="INSTRUCTION" missed="1246" covered="0"/><counter type="BRANCH" missed="140" covered="0"/><counter type="LINE" missed="302" covered="0"/><counter type="COMPLEXITY" missed="115" covered="0"/><counter type="METHOD" missed="45" covered="0"/><counter type="CLASS" missed="1" covered="0"/></package><counter type="INSTRUCTION" missed="1246" covered="0"/><counter type="BRANCH" missed="140" covered="0"/><counter type="LINE" missed="302" covered="0"/><counter type="COMPLEXITY" missed="115" covered="0"/><counter type="METHOD" missed="45" covered="0"/><counter type="CLASS" missed="1" covered="0"/></report>