GROUP,PACKAGE,CLASS,INSTRUCTION_MISSED,INSTRUCTION_COVERED,BRANCH_MISSED,BRANCH_COVERED,LINE_MISSED,LINE_COVERED,COMPLEXITY_MISSED,COMPLEXITY_COVERED,METHOD_MISSED,METHOD_COVERED
UDDI Migration tool,org.apache.juddi.v3.migration.tool,Import,993,0,62,0,181,0,44,0,13,0
UDDI Migration tool,org.apache.juddi.v3.migration.tool,Export,1061,0,84,0,209,0,54,0,12,0
UDDI Migration tool,org.apache.juddi.v3.migration.tool,Common,85,0,6,0,23,0,6,0,3,0
UDDI Migration tool,org.apache.juddi.v3.migration.tool,App,345,0,14,0,66,0,11,0,4,0
